12:22:08 am
ENOENT: no such file or directory, open 'D:\NODE JS Advance\Biswarup backend workspace\Section-04 Fundamentals of Node.js\21_Writing_to_a_File\nodejss.png'
Error: ENOENT: no such file or directory, open 'D:\NODE JS Advance\Biswarup backend workspace\Section-04 Fundamentals of Node.js\21_Writing_to_a_File\nodejss.png'
    at async open (node:internal/fs/promises:642:25)
    at async readFile (node:internal/fs/promises:1279:14)
    at async file:///D:/NODE%20JS%20Advance/Biswarup%20backend%20workspace/Section-04%20Fundamentals%20of%20Node.js/21_Writing_to_a_File/app.js:9:25
12:22:42 am
ENOENT: no such file or directory, open 'D:\NODE JS Advance\Biswarup backend workspace\Section-04 Fundamentals of Node.js\21_Writing_to_a_File\nodejss.png'
Error: ENOENT: no such file or directory, open 'D:\NODE JS Advance\Biswarup backend workspace\Section-04 Fundamentals of Node.js\21_Writing_to_a_File\nodejss.png'
    at async open (node:internal/fs/promises:642:25)
    at async readFile (node:internal/fs/promises:1279:14)
    at async file:///D:/NODE%20JS%20Advance/Biswarup%20backend%20workspace/Section-04%20Fundamentals%20of%20Node.js/21_Writing_to_a_File/app.js:9:25
12:22:52 am
ENOENT: no such file or directory, open 'D:\NODE JS Advance\Biswarup backend workspace\Section-04 Fundamentals of Node.js\21_Writing_to_a_File\nodejss.png'
Error: ENOENT: no such file or directory, open 'D:\NODE JS Advance\Biswarup backend workspace\Section-04 Fundamentals of Node.js\21_Writing_to_a_File\nodejss.png'
    at async open (node:internal/fs/promises:642:25)
    at async readFile (node:internal/fs/promises:1279:14)
    at async file:///D:/NODE%20JS%20Advance/Biswarup%20backend%20workspace/Section-04%20Fundamentals%20of%20Node.js/21_Writing_to_a_File/app.js:9:25

12:23:13 am
ENOENT: no such file or directory, open 'D:\NODE JS Advance\Biswarup backend workspace\Section-04 Fundamentals of Node.js\21_Writing_to_a_File\nodejss.png'
Error: ENOENT: no such file or directory, open 'D:\NODE JS Advance\Biswarup backend workspace\Section-04 Fundamentals of Node.js\21_Writing_to_a_File\nodejss.png'
    at async open (node:internal/fs/promises:642:25)
    at async readFile (node:internal/fs/promises:1279:14)
    at async file:///D:/NODE%20JS%20Advance/Biswarup%20backend%20workspace/Section-04%20Fundamentals%20of%20Node.js/21_Writing_to_a_File/app.js:9:25

12:23:55 am
ENOENT: no such file or directory, open 'D:\NODE JS Advance\Biswarup backend workspace\Section-04 Fundamentals of Node.js\21_Writing_to_a_File\nodejss.png'
Error: ENOENT: no such file or directory, open 'D:\NODE JS Advance\Biswarup backend workspace\Section-04 Fundamentals of Node.js\21_Writing_to_a_File\nodejss.png'
    at async open (node:internal/fs/promises:642:25)
    at async readFile (node:internal/fs/promises:1279:14)
    at async file:///D:/NODE%20JS%20Advance/Biswarup%20backend%20workspace/Section-04%20Fundamentals%20of%20Node.js/21_Writing_to_a_File/app.js:9:25

12:24:22 am
ENOENT: no such file or directory, open 'D:\NODE JS Advance\Biswarup backend workspace\Section-04 Fundamentals of Node.js\21_Writing_to_a_File\nodejss.png'
Error: ENOENT: no such file or directory, open 'D:\NODE JS Advance\Biswarup backend workspace\Section-04 Fundamentals of Node.js\21_Writing_to_a_File\nodejss.png'
    at async open (node:internal/fs/promises:642:25)
    at async readFile (node:internal/fs/promises:1279:14)
    at async file:///D:/NODE%20JS%20Advance/Biswarup%20backend%20workspace/Section-04%20Fundamentals%20of%20Node.js/21_Writing_to_a_File/app.js:9:25

12:24:42 am
ENOENT: no such file or directory, open 'D:\NODE JS Advance\Biswarup backend workspace\Section-04 Fundamentals of Node.js\21_Writing_to_a_File\nodejss.png'
Error: ENOENT: no such file or directory, open 'D:\NODE JS Advance\Biswarup backend workspace\Section-04 Fundamentals of Node.js\21_Writing_to_a_File\nodejss.png'
    at async open (node:internal/fs/promises:642:25)
    at async readFile (node:internal/fs/promises:1279:14)
    at async file:///D:/NODE%20JS%20Advance/Biswarup%20backend%20workspace/Section-04%20Fundamentals%20of%20Node.js/21_Writing_to_a_File/app.js:9:25